<?xml version="1.0" encoding="UTF-8"?>
<testng-results skipped="0" failed="0" ignored="0" total="1" passed="1">
  <reporter-output>
  </reporter-output>
  <suite name="Default suite" duration-ms="12454" started-at="2022-08-12T00:46:53Z" finished-at="2022-08-12T00:47:06Z">
    <groups>
    </groups>
    <test name="Default test" duration-ms="12454" started-at="2022-08-12T00:46:53Z" finished-at="2022-08-12T00:47:06Z">
      <class name="stepsDefintions.hardAssertions">
        <test-method status="PASS" signature="openBrowser()[pri:0, instance:stepsDefintions.hardAssertions@37e547da]" name="openBrowser" is-config="true" duration-ms="12046" started-at="2022-08-12T00:46:53Z" finished-at="2022-08-12T00:47:05Z">
          <reporter-output>
          </reporter-output>
        </test-method> <!-- openBrowser -->
        <test-method status="PASS" signature="Task1()[pri:0, instance:stepsDefintions.hardAssertions@37e547da]" name="Task1" duration-ms="350" started-at="2022-08-12T00:47:05Z" finished-at="2022-08-12T00:47:06Z">
          <reporter-output>
          </reporter-output>
        </test-method> <!-- Task1 -->
      </class> <!-- stepsDefintions.hardAssertions -->
    </test> <!-- Default test -->
  </suite> <!-- Default suite -->
</testng-results>
